<?xml version="1.0" encoding="UTF-8"?>
<testng-results skipped="0" failed="0" total="2" passed="2">
  <reporter-output>
  </reporter-output>
  <suite name="Grid" duration-ms="44440" started-at="2016-07-10T07:06:34Z" finished-at="2016-07-10T07:07:18Z">
    <groups>
    </groups>
    <test name="On chrome" duration-ms="21471" started-at="2016-07-10T07:06:34Z" finished-at="2016-07-10T07:06:55Z">
      <class name="grid.serialexec">
        <test-method status="PASS" signature="serial(java.lang.String)[pri:0, instance:grid.serialexec@3c41068b]" name="serial" duration-ms="21427" started-at="2016-07-10T12:36:34Z" finished-at="2016-07-10T12:36:55Z">
          <params>
            <param index="0">
              <value>
                <![CDATA[chrome]]>
              </value>
            </param>
          </params>
          <reporter-output>
          </reporter-output>
        </test-method> <!-- serial -->
      </class> <!-- grid.serialexec -->
    </test> <!-- On chrome -->
    <test name="On Firefox" duration-ms="44440" started-at="2016-07-10T07:06:34Z" finished-at="2016-07-10T07:07:18Z">
      <class name="grid.serialexec">
        <test-method status="PASS" signature="serial(java.lang.String)[pri:0, instance:grid.serialexec@f57f347]" name="serial" duration-ms="44401" started-at="2016-07-10T12:36:34Z" finished-at="2016-07-10T12:37:18Z">
          <params>
            <param index="0">
              <value>
                <![CDATA[firefox]]>
              </value>
            </param>
          </params>
          <reporter-output>
          </reporter-output>
        </test-method> <!-- serial -->
      </class> <!-- grid.serialexec -->
    </test> <!-- On Firefox -->
  </suite> <!-- Grid -->
</testng-results>
