<?xml version="1.0" encoding="UTF-8"?>
<!-- Generated by org.testng.reporters.JUnitXMLReporter -->
<testsuite hostname="Mypc" name="Test" tests="2" failures="1" timestamp="9 Jul 2016 09:04:39 GMT" time="22.095" errors="0">
  <testcase name="empregTest" time="12.319" classname="com.orgHrm.Tests.testngempreg"/>
  <testcase name="userreg" time="0.007" classname="com.orgHrm.Tests.testnguserreg">
    <failure type="java.lang.NullPointerException">
      <![CDATA[java.lang.NullPointerException
	at com.orgHrm.Tests.testnguserreg.userreg(testnguserreg.java:19)
... Removed 24 stack frames]]>
    </failure>
  </testcase> <!-- userreg -->
</testsuite> <!-- Test -->
